
* * * * * * * * * * * * * * * * * * * * * *
*                  Scene                  *


A 0.2 255,255,255
C -50.0,0,20 0,0,1 70
L -40.0,50.0,0.0 0.6 10,0,255
sp 0.0,0.0,20.6 12.6 10,0,255
pl 0.0,0.0,-10.0 0.0,1.0,0.0 0,0,225
cy 50.0,0.0,20.6 0.0,0.0,1.0 14.2 21.42 10,0,255



*                                         *
* * * * * * * * * * * * * * * * * * * * * *


Ambiant light :

	Ratio : 0.20
	r g b : 255.00 255.00 255.00

Camera :

	x y z : -50.00 0.00 20.00
	vectors x y z : 0.00 0.00 1.00
	FOV : 70

Light(s) :

	x y z : -40.00 50.00 0.00
	Ratio : 0.60
	r g b : 10.00 0.00 255.00

Sphere[1/1] :

	x y z : 0.00 0.00 20.60
	Diameter : 12.60
	r g b : 10.00 0.00 255.00

Plane[1/1] :

	x y z : 0.00 0.00 -10.00
	vectors x y z : 0.00 1.00 0.00
	r g b : 0.00 0.00 225.00

Cylinder[1/1] :

	x y z : 50.00 0.00 20.60
	vectors x y z : 0.00 0.00 1.00
	Diameter : 14.20
	Height : 21.42
	r g b : 10.00 0.00 255.00


